;;; 
Export: Release 21.0.0.0.0 - Production on Tue Apr 21 01:11:15 2026
Version 21.3.0.0.0

Copyright (c) 1982, 2021, Oracle and/or its affiliates.  All rights reserved.
;;; 
Connected to: Oracle Database 21c Express Edition Release 21.0.0.0.0 - Production
Starting "SYSTEM"."SYS_EXPORT_FULL_01":  system/********@localhost:1521/TongBo directory=backup_dir dumpfile=TongBo_Full_Backup.dmp logfile=TongBo_Full_Backup.log full=y 
Processing object type DATABASE_EXPORT/EARLY_OPTIONS/VIEWS_AS_TABLES/TABLE_DATA
Processing object type DATABASE_EXPORT/NORMAL_OPTIONS/TABLE_DATA
Processing object type DATABASE_EXPORT/NORMAL_OPTIONS/VIEWS_AS_TABLES/TABLE_DATA
Processing object type DATABASE_EXPORT/SCHEMA/TABLE/TABLE_DATA
Processing object type DATABASE_EXPORT/SCHEMA/TABLE/INDEX/STATISTICS/INDEX_STATISTICS
Processing object type DATABASE_EXPORT/SCHEMA/TABLE/STATISTICS/TABLE_STATISTICS
Processing object type DATABASE_EXPORT/STATISTICS/MARKER
Processing object type DATABASE_EXPORT/PRE_SYSTEM_IMPCALLOUT/MARKER
Processing object type DATABASE_EXPORT/PRE_INSTANCE_IMPCALLOUT/MARKER
Processing object type DATABASE_EXPORT/TABLESPACE
Processing object type DATABASE_EXPORT/PROFILE
Processing object type DATABASE_EXPORT/SCHEMA/USER
Processing object type DATABASE_EXPORT/ROLE
Processing object type DATABASE_EXPORT/RADM_FPTM
ORA-39127: unexpected error from call to PROC_SYSTEM_GRANT TAG: JVM Calling: SYS.DBMS_JVM_EXP_PERMS.GRANT_SYSPRIVS_EXP 
ORA-44002: invalid object name
ORA-06512: at "SYS.DBMS_ASSERT", line 452
ORA-06512: at "SYS.DBMS_ASSERT", line 447
ORA-06512: at "SYS.DBMS_ASSERT", line 452
ORA-06512: at "SYS.DBMS_ASSERT", line 447
ORA-06512: at "SYS.DBMS_METADATA", line 10880
ORA-06512: at "SYS.DBMS_SYS_ERROR", line 95
Processing object type DATABASE_EXPORT/GRANT/SYSTEM_GRANT/PROC_SYSTEM_GRANT
Processing object type DATABASE_EXPORT/SCHEMA/GRANT/SYSTEM_GRANT
Processing object type DATABASE_EXPORT/SCHEMA/ROLE_GRANT
Processing object type DATABASE_EXPORT/SCHEMA/DEFAULT_ROLE
Processing object type DATABASE_EXPORT/SCHEMA/ON_USER_GRANT
Processing object type DATABASE_EXPORT/SCHEMA/TABLESPACE_QUOTA
Processing object type DATABASE_EXPORT/RESOURCE_COST
Processing object type DATABASE_EXPORT/SCHEMA/DB_LINK
Processing object type DATABASE_EXPORT/TRUSTED_DB_LINK
Processing object type DATABASE_EXPORT/DIRECTORY/DIRECTORY
Processing object type DATABASE_EXPORT/DIRECTORY/GRANT/OWNER_GRANT/OBJECT_GRANT
Processing object type DATABASE_EXPORT/SYSTEM_PROCOBJACT/PRE_SYSTEM_ACTIONS/PROCACT_SYSTEM
Processing object type DATABASE_EXPORT/SYSTEM_PROCOBJACT/PROCOBJ
Processing object type DATABASE_EXPORT/SYSTEM_PROCOBJACT/POST_SYSTEM_ACTIONS/PROCACT_SYSTEM
Processing object type DATABASE_EXPORT/SCHEMA/PROCACT_SCHEMA
Processing object type DATABASE_EXPORT/EARLY_OPTIONS/VIEWS_AS_TABLES/TABLE
Processing object type DATABASE_EXPORT/EARLY_POST_INSTANCE_IMPCALLOUT/MARKER
Processing object type DATABASE_EXPORT/NORMAL_OPTIONS/TABLE
Processing object type DATABASE_EXPORT/NORMAL_OPTIONS/VIEWS_AS_TABLES/TABLE
Processing object type DATABASE_EXPORT/NORMAL_POST_INSTANCE_IMPCALLOUT/MARKER
Processing object type DATABASE_EXPORT/SCHEMA/TABLE/TABLE
Processing object type DATABASE_EXPORT/SCHEMA/TABLE/GRANT/OWNER_GRANT/OBJECT_GRANT
Processing object type DATABASE_EXPORT/SCHEMA/TABLE/COMMENT
Processing object type DATABASE_EXPORT/SCHEMA/TABLE/IDENTITY_COLUMN
Processing object type DATABASE_EXPORT/SCHEMA/TABLE/INDEX/INDEX
Processing object type DATABASE_EXPORT/SCHEMA/TABLE/CONSTRAINT/CONSTRAINT
Processing object type DATABASE_EXPORT/SCHEMA/TABLE/CONSTRAINT/REF_CONSTRAINT
Processing object type DATABASE_EXPORT/SCHEMA/TABLE/TRIGGER
Processing object type DATABASE_EXPORT/FINAL_POST_INSTANCE_IMPCALLOUT/MARKER
Processing object type DATABASE_EXPORT/SCHEMA/POST_SCHEMA/PROCACT_SCHEMA
Processing object type DATABASE_EXPORT/AUDIT_UNIFIED/AUDIT_POLICY_ENABLE
Processing object type DATABASE_EXPORT/POST_SYSTEM_IMPCALLOUT/MARKER
. . exported "SYS"."KU$_USER_MAPPING_VIEW"               6.054 KB      36 rows
. . exported "SYSTEM"."REDO_DB"                          26.01 KB       1 rows
. . exported "LBACSYS"."OLS$INSTALLATIONS"               6.960 KB       2 rows
. . exported "SYS"."DAM_CONFIG_PARAM$"                   6.531 KB      14 rows
. . exported "SYS"."TSDP_SUBPOL$"                        6.328 KB       1 rows
. . exported "LBACSYS"."OLS$PROPS"                       6.234 KB       5 rows
. . exported "SYS"."TSDP_PARAMETER$"                     5.953 KB       1 rows
. . exported "SYS"."TSDP_POLICY$"                        5.921 KB       1 rows
. . exported "LBACSYS"."OLS$AUDIT_ACTIONS"               5.757 KB       8 rows
. . exported "LBACSYS"."OLS$DIP_EVENTS"                  5.539 KB       2 rows
. . exported "AUDSYS"."AUD$UNIFIED":"AUD_UNIFIED_P0"         0 KB       0 rows
. . exported "AUDSYS"."AUD$UNIFIED":"SYS_P281"           54.94 KB       6 rows
. . exported "AUDSYS"."AUD$UNIFIED":"SYS_P431"           55.12 KB       6 rows
. . exported "AUDSYS"."AUD$UNIFIED":"SYS_P438"           55.39 KB       6 rows
. . exported "AUDSYS"."AUD$UNIFIED":"SYS_P445"           63.30 KB      20 rows
. . exported "AUDSYS"."AUD$UNIFIED":"SYS_P452"           57.71 KB      11 rows
. . exported "AUDSYS"."AUD$UNIFIED":"SYS_P459"           53.26 KB       2 rows
. . exported "AUDSYS"."AUD$UNIFIED":"SYS_P466"           58.16 KB      12 rows
. . exported "AUDSYS"."AUD$UNIFIED":"SYS_P473"           77.38 KB      56 rows
. . exported "AUDSYS"."AUD$UNIFIED":"SYS_P480"           55.87 KB       8 rows
. . exported "AUDSYS"."AUD$UNIFIED":"SYS_P487"           53.20 KB       1 rows
. . exported "AUDSYS"."AUD$UNIFIED":"SYS_P494"           56.02 KB       7 rows
. . exported "AUDSYS"."AUD$UNIFIED":"SYS_P501"           53.14 KB       1 rows
. . exported "AUDSYS"."AUD$UNIFIED":"SYS_P508"           54.33 KB       4 rows
. . exported "LBACSYS"."OLS$AUDIT"                           0 KB       0 rows
. . exported "LBACSYS"."OLS$COMPARTMENTS"                    0 KB       0 rows
. . exported "LBACSYS"."OLS$DIP_DEBUG"                       0 KB       0 rows
. . exported "LBACSYS"."OLS$GROUPS"                          0 KB       0 rows
. . exported "LBACSYS"."OLS$LAB"                             0 KB       0 rows
. . exported "LBACSYS"."OLS$LEVELS"                          0 KB       0 rows
. . exported "LBACSYS"."OLS$POL"                             0 KB       0 rows
. . exported "LBACSYS"."OLS$POLICY_ADMIN"                    0 KB       0 rows
. . exported "LBACSYS"."OLS$POLS"                            0 KB       0 rows
. . exported "LBACSYS"."OLS$POLT"                            0 KB       0 rows
. . exported "LBACSYS"."OLS$PROFILE"                         0 KB       0 rows
. . exported "LBACSYS"."OLS$PROFILES"                        0 KB       0 rows
. . exported "LBACSYS"."OLS$PROG"                            0 KB       0 rows
. . exported "LBACSYS"."OLS$SESSINFO"                        0 KB       0 rows
. . exported "LBACSYS"."OLS$USER"                            0 KB       0 rows
. . exported "LBACSYS"."OLS$USER_COMPARTMENTS"               0 KB       0 rows
. . exported "LBACSYS"."OLS$USER_GROUPS"                     0 KB       0 rows
. . exported "LBACSYS"."OLS$USER_LEVELS"                     0 KB       0 rows
. . exported "SYS"."AUD$"                                    0 KB       0 rows
. . exported "SYS"."DAM_CLEANUP_EVENTS$"                     0 KB       0 rows
. . exported "SYS"."DAM_CLEANUP_JOBS$"                       0 KB       0 rows
. . exported "SYS"."TSDP_ASSOCIATION$"                       0 KB       0 rows
. . exported "SYS"."TSDP_CONDITION$"                         0 KB       0 rows
. . exported "SYS"."TSDP_FEATURE_POLICY$"                    0 KB       0 rows
. . exported "SYS"."TSDP_PROTECTION$"                        0 KB       0 rows
. . exported "SYS"."TSDP_SENSITIVE_DATA$"                    0 KB       0 rows
. . exported "SYS"."TSDP_SENSITIVE_TYPE$"                    0 KB       0 rows
. . exported "SYS"."TSDP_SOURCE$"                            0 KB       0 rows
. . exported "SYSTEM"."REDO_LOG"                             0 KB       0 rows
. . exported "MDSYS"."RDF_PARAM$"                        6.515 KB       3 rows
. . exported "SYS"."AUDTAB$TBS$FOR_EXPORT"               5.953 KB       2 rows
. . exported "SYS"."DBA_SENSITIVE_DATA"                      0 KB       0 rows
. . exported "SYS"."DBA_TSDP_POLICY_PROTECTION"              0 KB       0 rows
. . exported "SYS"."FGA_LOG$FOR_EXPORT"                      0 KB       0 rows
. . exported "SYS"."GV_$UNIFIED_AUDIT_TRAIL"                 0 KB       0 rows
. . exported "SYS"."NACL$_ACE_EXP"                           0 KB       0 rows
. . exported "SYS"."NACL$_HOST_EXP"                      6.914 KB       1 rows
. . exported "SYS"."NACL$_WALLET_EXP"                        0 KB       0 rows
. . exported "SYS"."SQL$TEXT_DATAPUMP"                       0 KB       0 rows
. . exported "SYS"."SQL$_DATAPUMP"                           0 KB       0 rows
. . exported "SYS"."SQLOBJ$AUXDATA_DATAPUMP"                 0 KB       0 rows
. . exported "SYS"."SQLOBJ$DATA_DATAPUMP"                    0 KB       0 rows
. . exported "SYS"."SQLOBJ$PLAN_DATAPUMP"                    0 KB       0 rows
. . exported "SYS"."SQLOBJ$_DATAPUMP"                        0 KB       0 rows
. . exported "SYSTEM"."SCHEDULER_JOB_ARGS"                   0 KB       0 rows
. . exported "SYSTEM"."SCHEDULER_PROGRAM_ARGS"               0 KB       0 rows
. . exported "DB_DIENLUC"."HOADON"                       9.828 KB       1 rows
. . exported "DB_DIENLUC"."HOPDONG"                      8.421 KB      10 rows
. . exported "DB_DIENLUC"."LICHSUCHUYENCONGTAC"          7.234 KB       2 rows
. . exported "DB_DIENLUC"."NHANVIEN"                     7.132 KB       6 rows
. . exported "DB_DIENLUC"."KHACHHANG":"P_CN3"            6.609 KB       4 rows
. . exported "DB_DIENLUC"."KHACHHANG":"P_CN1"            6.468 KB       2 rows
. . exported "DB_DIENLUC"."KHACHHANG":"P_CN2"            6.398 KB       1 rows
. . exported "DB_DIENLUC"."KHACHHANG":"P_CN4"            6.390 KB       1 rows
. . exported "DB_DIENLUC"."CHINHANH"                     6.218 KB       5 rows
. . exported "DB_DIENLUC"."BANGGIAKW"                    5.976 KB       6 rows
. . exported "DB_DIENLUC"."CHITIETHOADON"                7.992 KB       7 rows
. . exported "DB_DIENLUC"."KHACHHANG":"P_KHAC"               0 KB       0 rows
Master table "SYSTEM"."SYS_EXPORT_FULL_01" successfully loaded/unloaded
******************************************************************************
Dump file set for SYSTEM.SYS_EXPORT_FULL_01 is:
  /opt/oracle/oradata/backup/TongBo_Full_Backup.dmp
Job "SYSTEM"."SYS_EXPORT_FULL_01" completed with 1 error(s) at Tue Apr 21 01:12:13 2026 elapsed 0 00:00:57
