;;; 
Export: Release 21.0.0.0.0 - Production on Sat Apr 18 00:00:09 2026
Version 21.3.0.0.0

Copyright (c) 1982, 2021, Oracle and/or its affiliates.  All rights reserved.
;;; 
Connected to: Oracle Database 21c Express Edition Release 21.0.0.0.0 - Production
Starting "SYSTEM"."SYS_EXPORT_FULL_01":  system/********@localhost:1521/TP2 directory=backup_dir dumpfile=TP2_Full_Backup.dmp logfile=TP2_Full_Backup.log full=y 
Processing object type DATABASE_EXPORT/EARLY_OPTIONS/VIEWS_AS_TABLES/TABLE_DATA
Processing object type DATABASE_EXPORT/NORMAL_OPTIONS/TABLE_DATA
Processing object type DATABASE_EXPORT/NORMAL_OPTIONS/VIEWS_AS_TABLES/TABLE_DATA
Processing object type DATABASE_EXPORT/SCHEMA/TABLE/TABLE_DATA
Processing object type DATABASE_EXPORT/SCHEMA/TABLE/INDEX/STATISTICS/INDEX_STATISTICS
Processing object type DATABASE_EXPORT/SCHEMA/TABLE/STATISTICS/TABLE_STATISTICS
Processing object type DATABASE_EXPORT/STATISTICS/MARKER
Processing object type DATABASE_EXPORT/PRE_SYSTEM_IMPCALLOUT/MARKER
Processing object type DATABASE_EXPORT/PRE_INSTANCE_IMPCALLOUT/MARKER
Processing object type DATABASE_EXPORT/TABLESPACE
Processing object type DATABASE_EXPORT/PROFILE
Processing object type DATABASE_EXPORT/SCHEMA/USER
Processing object type DATABASE_EXPORT/ROLE
Processing object type DATABASE_EXPORT/RADM_FPTM
ORA-39127: unexpected error from call to PROC_SYSTEM_GRANT TAG: JVM Calling: SYS.DBMS_JVM_EXP_PERMS.GRANT_SYSPRIVS_EXP 
ORA-44002: invalid object name
ORA-06512: at "SYS.DBMS_ASSERT", line 452
ORA-06512: at "SYS.DBMS_ASSERT", line 447
ORA-06512: at "SYS.DBMS_ASSERT", line 452
ORA-06512: at "SYS.DBMS_ASSERT", line 447
ORA-06512: at "SYS.DBMS_METADATA", line 10880
ORA-06512: at "SYS.DBMS_SYS_ERROR", line 95
Processing object type DATABASE_EXPORT/GRANT/SYSTEM_GRANT/PROC_SYSTEM_GRANT
Processing object type DATABASE_EXPORT/SCHEMA/GRANT/SYSTEM_GRANT
Processing object type DATABASE_EXPORT/SCHEMA/ROLE_GRANT
Processing object type DATABASE_EXPORT/SCHEMA/DEFAULT_ROLE
Processing object type DATABASE_EXPORT/SCHEMA/ON_USER_GRANT
Processing object type DATABASE_EXPORT/SCHEMA/TABLESPACE_QUOTA
Processing object type DATABASE_EXPORT/RESOURCE_COST
Processing object type DATABASE_EXPORT/SCHEMA/DB_LINK
Processing object type DATABASE_EXPORT/TRUSTED_DB_LINK
Processing object type DATABASE_EXPORT/DIRECTORY/DIRECTORY
Processing object type DATABASE_EXPORT/DIRECTORY/GRANT/OWNER_GRANT/OBJECT_GRANT
Processing object type DATABASE_EXPORT/SYSTEM_PROCOBJACT/PRE_SYSTEM_ACTIONS/PROCACT_SYSTEM
Processing object type DATABASE_EXPORT/SYSTEM_PROCOBJACT/PROCOBJ
Processing object type DATABASE_EXPORT/SYSTEM_PROCOBJACT/POST_SYSTEM_ACTIONS/PROCACT_SYSTEM
Processing object type DATABASE_EXPORT/SCHEMA/PROCACT_SCHEMA
Processing object type DATABASE_EXPORT/EARLY_OPTIONS/VIEWS_AS_TABLES/TABLE
Processing object type DATABASE_EXPORT/EARLY_POST_INSTANCE_IMPCALLOUT/MARKER
Processing object type DATABASE_EXPORT/NORMAL_OPTIONS/TABLE
Processing object type DATABASE_EXPORT/NORMAL_OPTIONS/VIEWS_AS_TABLES/TABLE
Processing object type DATABASE_EXPORT/NORMAL_POST_INSTANCE_IMPCALLOUT/MARKER
Processing object type DATABASE_EXPORT/SCHEMA/TABLE/TABLE
Processing object type DATABASE_EXPORT/SCHEMA/TABLE/GRANT/OWNER_GRANT/OBJECT_GRANT
Processing object type DATABASE_EXPORT/SCHEMA/TABLE/COMMENT
Processing object type DATABASE_EXPORT/SCHEMA/TABLE/INDEX/INDEX
Processing object type DATABASE_EXPORT/SCHEMA/TABLE/CONSTRAINT/CONSTRAINT
Processing object type DATABASE_EXPORT/SCHEMA/TABLE/CONSTRAINT/REF_CONSTRAINT
Processing object type DATABASE_EXPORT/SCHEMA/TABLE/TRIGGER
Processing object type DATABASE_EXPORT/FINAL_POST_INSTANCE_IMPCALLOUT/MARKER
Processing object type DATABASE_EXPORT/SCHEMA/POST_SCHEMA/PROCACT_SCHEMA
Processing object type DATABASE_EXPORT/AUDIT_UNIFIED/AUDIT_POLICY_ENABLE
Processing object type DATABASE_EXPORT/POST_SYSTEM_IMPCALLOUT/MARKER
. . exported "SYS"."KU$_USER_MAPPING_VIEW"               6.031 KB      34 rows
. . exported "AUDSYS"."AUD$UNIFIED":"SYS_P398"           62.00 KB      14 rows
. . exported "AUDSYS"."AUD$UNIFIED":"SYS_P412"           61.50 KB      18 rows
. . exported "AUDSYS"."AUD$UNIFIED":"SYS_P433"           59.41 KB      14 rows
. . exported "AUDSYS"."AUD$UNIFIED":"SYS_P405"           55.82 KB       8 rows
. . exported "AUDSYS"."AUD$UNIFIED":"SYS_P440"           55.49 KB       6 rows
. . exported "AUDSYS"."AUD$UNIFIED":"SYS_P391"           55.12 KB       6 rows
. . exported "AUDSYS"."AUD$UNIFIED":"SYS_P419"           54.18 KB       4 rows
. . exported "AUDSYS"."AUD$UNIFIED":"SYS_P281"           53.60 KB       3 rows
. . exported "AUDSYS"."AUD$UNIFIED":"SYS_P426"           53.24 KB       2 rows
. . exported "SYSTEM"."REDO_DB"                          26.01 KB       1 rows
. . exported "LBACSYS"."OLS$INSTALLATIONS"               6.960 KB       2 rows
. . exported "SYS"."DAM_CONFIG_PARAM$"                   6.531 KB      14 rows
. . exported "SYS"."TSDP_SUBPOL$"                        6.328 KB       1 rows
. . exported "LBACSYS"."OLS$PROPS"                       6.234 KB       5 rows
. . exported "SYS"."TSDP_PARAMETER$"                     5.953 KB       1 rows
. . exported "SYS"."TSDP_POLICY$"                        5.921 KB       1 rows
. . exported "LBACSYS"."OLS$AUDIT_ACTIONS"               5.757 KB       8 rows
. . exported "LBACSYS"."OLS$DIP_EVENTS"                  5.539 KB       2 rows
. . exported "AUDSYS"."AUD$UNIFIED":"AUD_UNIFIED_P0"         0 KB       0 rows
. . exported "LBACSYS"."OLS$AUDIT"                           0 KB       0 rows
. . exported "LBACSYS"."OLS$COMPARTMENTS"                    0 KB       0 rows
. . exported "LBACSYS"."OLS$DIP_DEBUG"                       0 KB       0 rows
. . exported "LBACSYS"."OLS$GROUPS"                          0 KB       0 rows
. . exported "LBACSYS"."OLS$LAB"                             0 KB       0 rows
. . exported "LBACSYS"."OLS$LEVELS"                          0 KB       0 rows
. . exported "LBACSYS"."OLS$POL"                             0 KB       0 rows
. . exported "LBACSYS"."OLS$POLICY_ADMIN"                    0 KB       0 rows
. . exported "LBACSYS"."OLS$POLS"                            0 KB       0 rows
. . exported "LBACSYS"."OLS$POLT"                            0 KB       0 rows
. . exported "LBACSYS"."OLS$PROFILE"                         0 KB       0 rows
. . exported "LBACSYS"."OLS$PROFILES"                        0 KB       0 rows
. . exported "LBACSYS"."OLS$PROG"                            0 KB       0 rows
. . exported "LBACSYS"."OLS$SESSINFO"                        0 KB       0 rows
. . exported "LBACSYS"."OLS$USER"                            0 KB       0 rows
. . exported "LBACSYS"."OLS$USER_COMPARTMENTS"               0 KB       0 rows
. . exported "LBACSYS"."OLS$USER_GROUPS"                     0 KB       0 rows
. . exported "LBACSYS"."OLS$USER_LEVELS"                     0 KB       0 rows
. . exported "SYS"."AUD$"                                    0 KB       0 rows
. . exported "SYS"."DAM_CLEANUP_EVENTS$"                     0 KB       0 rows
. . exported "SYS"."DAM_CLEANUP_JOBS$"                       0 KB       0 rows
. . exported "SYS"."TSDP_ASSOCIATION$"                       0 KB       0 rows
. . exported "SYS"."TSDP_CONDITION$"                         0 KB       0 rows
. . exported "SYS"."TSDP_FEATURE_POLICY$"                    0 KB       0 rows
. . exported "SYS"."TSDP_PROTECTION$"                        0 KB       0 rows
. . exported "SYS"."TSDP_SENSITIVE_DATA$"                    0 KB       0 rows
. . exported "SYS"."TSDP_SENSITIVE_TYPE$"                    0 KB       0 rows
. . exported "SYS"."TSDP_SOURCE$"                            0 KB       0 rows
. . exported "SYSTEM"."REDO_LOG"                             0 KB       0 rows
. . exported "MDSYS"."RDF_PARAM$"                        6.515 KB       3 rows
. . exported "SYS"."AUDTAB$TBS$FOR_EXPORT"               5.953 KB       2 rows
. . exported "SYS"."DBA_SENSITIVE_DATA"                      0 KB       0 rows
. . exported "SYS"."DBA_TSDP_POLICY_PROTECTION"              0 KB       0 rows
. . exported "SYS"."FGA_LOG$FOR_EXPORT"                      0 KB       0 rows
. . exported "SYS"."GV_$UNIFIED_AUDIT_TRAIL"                 0 KB       0 rows
. . exported "SYS"."NACL$_ACE_EXP"                           0 KB       0 rows
. . exported "SYS"."NACL$_HOST_EXP"                      6.914 KB       1 rows
. . exported "SYS"."NACL$_WALLET_EXP"                        0 KB       0 rows
. . exported "SYS"."SQL$TEXT_DATAPUMP"                       0 KB       0 rows
. . exported "SYS"."SQL$_DATAPUMP"                           0 KB       0 rows
. . exported "SYS"."SQLOBJ$AUXDATA_DATAPUMP"                 0 KB       0 rows
. . exported "SYS"."SQLOBJ$DATA_DATAPUMP"                    0 KB       0 rows
. . exported "SYS"."SQLOBJ$PLAN_DATAPUMP"                    0 KB       0 rows
. . exported "SYS"."SQLOBJ$_DATAPUMP"                        0 KB       0 rows
. . exported "SYSTEM"."SCHEDULER_JOB_ARGS"                   0 KB       0 rows
. . exported "SYSTEM"."SCHEDULER_PROGRAM_ARGS"               0 KB       0 rows
. . exported "DB_DIENLUCCN2"."HOADON"                        0 KB       0 rows
. . exported "DB_DIENLUCCN4"."HOADON"                        0 KB       0 rows
. . exported "DB_DIENLUCCN2"."HOPDONG"                   7.757 KB       2 rows
. . exported "DB_DIENLUCCN4"."HOPDONG"                   7.679 KB       1 rows
. . exported "DB_DIENLUCCN2"."NHANVIEN"                  6.867 KB       1 rows
. . exported "DB_DIENLUCCN4"."NHANVIEN"                  6.851 KB       1 rows
. . exported "DB_DIENLUCCN2"."KHACHHANG"                 6.398 KB       1 rows
. . exported "DB_DIENLUCCN4"."KHACHHANG"                 6.390 KB       1 rows
. . exported "DB_DIENLUCCN2"."CHINHANH"                  5.992 KB       1 rows
. . exported "DB_DIENLUCCN4"."CHINHANH"                  5.992 KB       1 rows
Master table "SYSTEM"."SYS_EXPORT_FULL_01" successfully loaded/unloaded
******************************************************************************
Dump file set for SYSTEM.SYS_EXPORT_FULL_01 is:
  /opt/oracle/oradata/backup/TP2_Full_Backup.dmp
Job "SYSTEM"."SYS_EXPORT_FULL_01" completed with 1 error(s) at Sat Apr 18 00:01:07 2026 elapsed 0 00:00:56
